2021-07-08 13:59:46,247 - Loaded System Directive: org.apache.velocity.runtime.directive.Define
2021-07-08 13:59:46,248 - Loaded System Directive: org.apache.velocity.runtime.directive.Break
2021-07-08 13:59:46,249 - Loaded System Directive: org.apache.velocity.runtime.directive.Evaluate
2021-07-08 13:59:46,250 - Loaded System Directive: org.apache.velocity.runtime.directive.Literal
2021-07-08 13:59:46,250 - Loaded System Directive: org.apache.velocity.runtime.directive.Macro
2021-07-08 13:59:46,251 - Loaded System Directive: org.apache.velocity.runtime.directive.Parse
2021-07-08 13:59:46,252 - Loaded System Directive: org.apache.velocity.runtime.directive.Include
2021-07-08 13:59:46,253 - Loaded System Directive: org.apache.velocity.runtime.directive.Foreach
2021-07-08 13:59:46,265 - Created '20' parsers.
2021-07-08 13:59:46,268 - Velocimacro : "velocimacro.library" is not set.  Trying default library: VM_global_library.vm
2021-07-08 13:59:46,270 - Could not load resource 'VM_global_library.vm' from ResourceLoader org.apache.velocity.runtime.resource.loader.ClasspathResourceLoader: ClasspathResourceLoader Error: cannot find resource VM_global_library.vm
2021-07-08 13:59:46,270 - Velocimacro : Default library not found.
2021-07-08 13:59:46,271 - Velocimacro : allowInline = true : VMs can be defined inline in templates
2021-07-08 13:59:46,271 - Velocimacro : allowInlineToOverride = false : VMs defined inline may NOT replace previous VM definitions
2021-07-08 13:59:46,271 - Velocimacro : allowInlineLocal = false : VMs defined inline will be global in scope if allowed.
2021-07-08 13:59:46,271 - Velocimacro : autoload off : VM system will not automatically reload global library macros
2021-07-08 13:59:46,301 - ResourceManager : found template/Entity.java.vm with loader org.apache.velocity.runtime.resource.loader.ClasspathResourceLoader
2021-07-08 13:59:46,315 - ResourceManager : found template/Dao.java.vm with loader org.apache.velocity.runtime.resource.loader.ClasspathResourceLoader
2021-07-08 13:59:46,316 - ResourceManager : found template/Dao.xml.vm with loader org.apache.velocity.runtime.resource.loader.ClasspathResourceLoader
2021-07-08 13:59:46,318 - ResourceManager : found template/Service.java.vm with loader org.apache.velocity.runtime.resource.loader.ClasspathResourceLoader
2021-07-08 13:59:46,319 - ResourceManager : found template/ServiceImpl.java.vm with loader org.apache.velocity.runtime.resource.loader.ClasspathResourceLoader
2021-07-08 13:59:46,324 - ResourceManager : found template/Controller.java.vm with loader org.apache.velocity.runtime.resource.loader.ClasspathResourceLoader
2021-07-08 13:59:46,326 - ResourceManager : found template/menu.sql.vm with loader org.apache.velocity.runtime.resource.loader.ClasspathResourceLoader
2021-07-08 13:59:46,329 - ResourceManager : found template/list.html.vm with loader org.apache.velocity.runtime.resource.loader.ClasspathResourceLoader
2021-07-08 13:59:46,333 - ResourceManager : found template/addOrUpdate.html.vm with loader org.apache.velocity.runtime.resource.loader.ClasspathResourceLoader
